Analysis & Synthesis report for FPGAgatherer
Thu May 06 11:08:00 2021
Quartus Prime Version 18.1.0 Build 625 09/12/2018 SJ Lite Edition


---------------------
; Table of Contents ;
---------------------
  1. Legal Notice
  2. Analysis & Synthesis Summary
  3. Analysis & Synthesis Settings
  4. Parallel Compilation
  5. Analysis & Synthesis Source Files Read
  6. Analysis & Synthesis Resource Usage Summary
  7. Analysis & Synthesis Resource Utilization by Entity
  8. Registers Removed During Synthesis
  9. General Register Statistics
 10. Parameter Settings for User Entity Instance: SevenSegDisplay:Display
 11. Parameter Settings for Inferred Entity Instance: SevenSegDisplay:Display|lpm_divide:Mod0
 12. Parameter Settings for Inferred Entity Instance: SevenSegDisplay:Display|lpm_divide:Mod1
 13. Parameter Settings for Inferred Entity Instance: SevenSegDisplay:Display|lpm_divide:Div0
 14. Parameter Settings for Inferred Entity Instance: SevenSegDisplay:Display|lpm_divide:Mod2
 15. Parameter Settings for Inferred Entity Instance: SevenSegDisplay:Display|lpm_divide:Div1
 16. Parameter Settings for Inferred Entity Instance: SevenSegDisplay:Display|lpm_divide:Mod3
 17. Parameter Settings for Inferred Entity Instance: SevenSegDisplay:Display|lpm_divide:Div2
 18. Parameter Settings for Inferred Entity Instance: SevenSegDisplay:Display|lpm_divide:Mod4
 19. Parameter Settings for Inferred Entity Instance: SevenSegDisplay:Display|lpm_divide:Div3
 20. Parameter Settings for Inferred Entity Instance: SevenSegDisplay:Display|lpm_divide:Mod5
 21. Parameter Settings for Inferred Entity Instance: SevenSegDisplay:Display|lpm_divide:Div4
 22. Port Connectivity Checks: "SevenSegDisplay:Display"
 23. Post-Synthesis Netlist Statistics for Top Partition
 24. Elapsed Time Per Partition
 25. Analysis & Synthesis Messages



----------------
; Legal Notice ;
----------------
Copyright (C) 2018  Intel Corporation. All rights reserved.
Your use of Intel Corporation's design tools, logic functions 
and other software and tools, and its AMPP partner logic 
functions, and any output files from any of the foregoing 
(including device programming or simulation files), and any 
associated documentation or information are expressly subject 
to the terms and conditions of the Intel Program License 
Subscription Agreement, the Intel Quartus Prime License Agreement,
the Intel FPGA IP License Agreement, or other applicable license
agreement, including, without limitation, that your use is for
the sole purpose of programming logic devices manufactured by
Intel and sold by Intel or its authorized distributors.  Please
refer to the applicable agreement for further details.



+-------------------------------------------------------------------------------+
; Analysis & Synthesis Summary                                                  ;
+---------------------------------+---------------------------------------------+
; Analysis & Synthesis Status     ; Successful - Thu May 06 11:08:00 2021       ;
; Quartus Prime Version           ; 18.1.0 Build 625 09/12/2018 SJ Lite Edition ;
; Revision Name                   ; FPGAgatherer                                ;
; Top-level Entity Name           ; FPGA_LEDRAM                                 ;
; Family                          ; Cyclone V                                   ;
; Logic utilization (in ALMs)     ; N/A                                         ;
; Total registers                 ; 24                                          ;
; Total pins                      ; 84                                          ;
; Total virtual pins              ; 0                                           ;
; Total block memory bits         ; 0                                           ;
; Total DSP Blocks                ; 0                                           ;
; Total HSSI RX PCSs              ; 0                                           ;
; Total HSSI PMA RX Deserializers ; 0                                           ;
; Total HSSI TX PCSs              ; 0                                           ;
; Total HSSI PMA TX Serializers   ; 0                                           ;
; Total PLLs                      ; 0                                           ;
; Total DLLs                      ; 0                                           ;
+---------------------------------+---------------------------------------------+


+---------------------------------------------------------------------------------------------------------------------------+
; Analysis & Synthesis Settings                                                                                             ;
+---------------------------------------------------------------------------------+--------------------+--------------------+
; Option                                                                          ; Setting            ; Default Value      ;
+---------------------------------------------------------------------------------+--------------------+--------------------+
; Device                                                                          ; 5CEBA4F23C7        ;                    ;
; Top-level entity name                                                           ; FPGA_LEDRAM        ; FPGAgatherer       ;
; Family name                                                                     ; Cyclone V          ; Cyclone V          ;
; Use smart compilation                                                           ; On                 ; Off                ;
; Maximum processors allowed for parallel compilation                             ; All                ;                    ;
; Enable parallel Assembler and Timing Analyzer during compilation                ; On                 ; On                 ;
; Enable compact report table                                                     ; Off                ; Off                ;
; Restructure Multiplexers                                                        ; Auto               ; Auto               ;
; MLAB Add Timing Constraints For Mixed-Port Feed-Through Mode Setting Don't Care ; Off                ; Off                ;
; Create Debugging Nodes for IP Cores                                             ; Off                ; Off                ;
; Preserve fewer node names                                                       ; On                 ; On                 ;
; Intel FPGA IP Evaluation Mode                                                   ; Enable             ; Enable             ;
; Verilog Version                                                                 ; Verilog_2001       ; Verilog_2001       ;
; VHDL Version                                                                    ; VHDL_1993          ; VHDL_1993          ;
; State Machine Processing                                                        ; Auto               ; Auto               ;
; Safe State Machine                                                              ; Off                ; Off                ;
; Extract Verilog State Machines                                                  ; On                 ; On                 ;
; Extract VHDL State Machines                                                     ; On                 ; On                 ;
; Ignore Verilog initial constructs                                               ; Off                ; Off                ;
; Iteration limit for constant Verilog loops                                      ; 5000               ; 5000               ;
; Iteration limit for non-constant Verilog loops                                  ; 250                ; 250                ;
; Add Pass-Through Logic to Inferred RAMs                                         ; On                 ; On                 ;
; Infer RAMs from Raw Logic                                                       ; On                 ; On                 ;
; Parallel Synthesis                                                              ; On                 ; On                 ;
; DSP Block Balancing                                                             ; Auto               ; Auto               ;
; NOT Gate Push-Back                                                              ; On                 ; On                 ;
; Power-Up Don't Care                                                             ; On                 ; On                 ;
; Remove Redundant Logic Cells                                                    ; Off                ; Off                ;
; Remove Duplicate Registers                                                      ; On                 ; On                 ;
; Ignore CARRY Buffers                                                            ; Off                ; Off                ;
; Ignore CASCADE Buffers                                                          ; Off                ; Off                ;
; Ignore GLOBAL Buffers                                                           ; Off                ; Off                ;
; Ignore ROW GLOBAL Buffers                                                       ; Off                ; Off                ;
; Ignore LCELL Buffers                                                            ; Off                ; Off                ;
; Ignore SOFT Buffers                                                             ; On                 ; On                 ;
; Limit AHDL Integers to 32 Bits                                                  ; Off                ; Off                ;
; Optimization Technique                                                          ; Balanced           ; Balanced           ;
; Carry Chain Length                                                              ; 70                 ; 70                 ;
; Auto Carry Chains                                                               ; On                 ; On                 ;
; Auto Open-Drain Pins                                                            ; On                 ; On                 ;
; Perform WYSIWYG Primitive Resynthesis                                           ; Off                ; Off                ;
; Auto ROM Replacement                                                            ; On                 ; On                 ;
; Auto RAM Replacement                                                            ; On                 ; On                 ;
; Auto DSP Block Replacement                                                      ; On                 ; On                 ;
; Auto Shift Register Replacement                                                 ; Auto               ; Auto               ;
; Allow Shift Register Merging across Hierarchies                                 ; Auto               ; Auto               ;
; Auto Clock Enable Replacement                                                   ; On                 ; On                 ;
; Strict RAM Replacement                                                          ; Off                ; Off                ;
; Allow Synchronous Control Signals                                               ; On                 ; On                 ;
; Force Use of Synchronous Clear Signals                                          ; Off                ; Off                ;
; Auto Resource Sharing                                                           ; Off                ; Off                ;
; Allow Any RAM Size For Recognition                                              ; Off                ; Off                ;
; Allow Any ROM Size For Recognition                                              ; Off                ; Off                ;
; Allow Any Shift Register Size For Recognition                                   ; Off                ; Off                ;
; Use LogicLock Constraints during Resource Balancing                             ; On                 ; On                 ;
; Ignore translate_off and synthesis_off directives                               ; Off                ; Off                ;
; Timing-Driven Synthesis                                                         ; On                 ; On                 ;
; Report Parameter Settings                                                       ; On                 ; On                 ;
; Report Source Assignments                                                       ; On                 ; On                 ;
; Report Connectivity Checks                                                      ; On                 ; On                 ;
; Ignore Maximum Fan-Out Assignments                                              ; Off                ; Off                ;
; Synchronization Register Chain Length                                           ; 3                  ; 3                  ;
; Power Optimization During Synthesis                                             ; Normal compilation ; Normal compilation ;
; HDL message level                                                               ; Level2             ; Level2             ;
; Suppress Register Optimization Related Messages                                 ; Off                ; Off                ;
; Number of Removed Registers Reported in Synthesis Report                        ; 5000               ; 5000               ;
; Number of Swept Nodes Reported in Synthesis Report                              ; 5000               ; 5000               ;
; Number of Inverted Registers Reported in Synthesis Report                       ; 100                ; 100                ;
; Clock MUX Protection                                                            ; On                 ; On                 ;
; Auto Gated Clock Conversion                                                     ; Off                ; Off                ;
; Block Design Naming                                                             ; Auto               ; Auto               ;
; SDC constraint protection                                                       ; Off                ; Off                ;
; Synthesis Effort                                                                ; Auto               ; Auto               ;
; Shift Register Replacement - Allow Asynchronous Clear Signal                    ; On                 ; On                 ;
; Pre-Mapping Resynthesis Optimization                                            ; Off                ; Off                ;
; Analysis & Synthesis Message Level                                              ; Medium             ; Medium             ;
; Disable Register Merging Across Hierarchies                                     ; Auto               ; Auto               ;
; Resource Aware Inference For Block RAM                                          ; On                 ; On                 ;
; Automatic Parallel Synthesis                                                    ; On                 ; On                 ;
; Partial Reconfiguration Bitstream ID                                            ; Off                ; Off                ;
+---------------------------------------------------------------------------------+--------------------+--------------------+


+------------------------------------------+
; Parallel Compilation                     ;
+----------------------------+-------------+
; Processors                 ; Number      ;
+----------------------------+-------------+
; Number detected on machine ; 12          ;
; Maximum allowed            ; 12          ;
;                            ;             ;
; Average used               ; 1.00        ;
; Maximum used               ; 12          ;
;                            ;             ;
; Usage by Processor         ; % Time Used ;
;     Processor 1            ; 100.0%      ;
;     Processor 2            ;   0.0%      ;
;     Processor 3            ;   0.0%      ;
;     Processor 4            ;   0.0%      ;
;     Processor 5            ;   0.0%      ;
;     Processor 6            ;   0.0%      ;
;     Processor 7            ;   0.0%      ;
;     Processor 8            ;   0.0%      ;
;     Processors 9-12        ;   0.0%      ;
+----------------------------+-------------+


+----------------------------------------------------------------------------------------------------------------------------------------------------------------------------------+
; Analysis & Synthesis Source Files Read                                                                                                                                           ;
+----------------------------------+-----------------+------------------------------+------------------------------------------------------------------------------------+---------+
; File Name with User-Entered Path ; Used in Netlist ; File Type                    ; File Name with Absolute Path                                                       ; Library ;
+----------------------------------+-----------------+------------------------------+------------------------------------------------------------------------------------+---------+
; SevenSegDigit.vhd                ; yes             ; User VHDL File               ; C:/Users/Mikkel/Documents/GitHub/GRONK2000/FPGAgatherer/SevenSegDigit.vhd          ;         ;
; SevenSegDisplay.vhd              ; yes             ; User VHDL File               ; C:/Users/Mikkel/Documents/GitHub/GRONK2000/FPGAgatherer/SevenSegDisplay.vhd        ;         ;
; FPGA_LEDRAM.vhd                  ; yes             ; User VHDL File               ; C:/Users/Mikkel/Documents/GitHub/GRONK2000/FPGAgatherer/FPGA_LEDRAM.vhd            ;         ;
; lpm_divide.tdf                   ; yes             ; Megafunction                 ; c:/intelfpga_lite/18.1/quartus/libraries/megafunctions/lpm_divide.tdf              ;         ;
; abs_divider.inc                  ; yes             ; Megafunction                 ; c:/intelfpga_lite/18.1/quartus/libraries/megafunctions/abs_divider.inc             ;         ;
; sign_div_unsign.inc              ; yes             ; Megafunction                 ; c:/intelfpga_lite/18.1/quartus/libraries/megafunctions/sign_div_unsign.inc         ;         ;
; aglobal181.inc                   ; yes             ; Megafunction                 ; c:/intelfpga_lite/18.1/quartus/libraries/megafunctions/aglobal181.inc              ;         ;
; db/lpm_divide_85m.tdf            ; yes             ; Auto-Generated Megafunction  ; C:/Users/Mikkel/Documents/GitHub/GRONK2000/FPGAgatherer/db/lpm_divide_85m.tdf      ;         ;
; db/sign_div_unsign_bnh.tdf       ; yes             ; Auto-Generated Megafunction  ; C:/Users/Mikkel/Documents/GitHub/GRONK2000/FPGAgatherer/db/sign_div_unsign_bnh.tdf ;         ;
; db/alt_u_div_s2f.tdf             ; yes             ; Auto-Generated Megafunction  ; C:/Users/Mikkel/Documents/GitHub/GRONK2000/FPGAgatherer/db/alt_u_div_s2f.tdf       ;         ;
; db/lpm_divide_jbm.tdf            ; yes             ; Auto-Generated Megafunction  ; C:/Users/Mikkel/Documents/GitHub/GRONK2000/FPGAgatherer/db/lpm_divide_jbm.tdf      ;         ;
; db/sign_div_unsign_plh.tdf       ; yes             ; Auto-Generated Megafunction  ; C:/Users/Mikkel/Documents/GitHub/GRONK2000/FPGAgatherer/db/sign_div_unsign_plh.tdf ;         ;
; db/alt_u_div_ove.tdf             ; yes             ; Auto-Generated Megafunction  ; C:/Users/Mikkel/Documents/GitHub/GRONK2000/FPGAgatherer/db/alt_u_div_ove.tdf       ;         ;
; db/lpm_divide_mbm.tdf            ; yes             ; Auto-Generated Megafunction  ; C:/Users/Mikkel/Documents/GitHub/GRONK2000/FPGAgatherer/db/lpm_divide_mbm.tdf      ;         ;
; db/sign_div_unsign_slh.tdf       ; yes             ; Auto-Generated Megafunction  ; C:/Users/Mikkel/Documents/GitHub/GRONK2000/FPGAgatherer/db/sign_div_unsign_slh.tdf ;         ;
; db/alt_u_div_uve.tdf             ; yes             ; Auto-Generated Megafunction  ; C:/Users/Mikkel/Documents/GitHub/GRONK2000/FPGAgatherer/db/alt_u_div_uve.tdf       ;         ;
; db/lpm_divide_0dm.tdf            ; yes             ; Auto-Generated Megafunction  ; C:/Users/Mikkel/Documents/GitHub/GRONK2000/FPGAgatherer/db/lpm_divide_0dm.tdf      ;         ;
; db/sign_div_unsign_6nh.tdf       ; yes             ; Auto-Generated Megafunction  ; C:/Users/Mikkel/Documents/GitHub/GRONK2000/FPGAgatherer/db/sign_div_unsign_6nh.tdf ;         ;
; db/alt_u_div_i2f.tdf             ; yes             ; Auto-Generated Megafunction  ; C:/Users/Mikkel/Documents/GitHub/GRONK2000/FPGAgatherer/db/alt_u_div_i2f.tdf       ;         ;
; db/lpm_divide_4dm.tdf            ; yes             ; Auto-Generated Megafunction  ; C:/Users/Mikkel/Documents/GitHub/GRONK2000/FPGAgatherer/db/lpm_divide_4dm.tdf      ;         ;
; db/sign_div_unsign_anh.tdf       ; yes             ; Auto-Generated Megafunction  ; C:/Users/Mikkel/Documents/GitHub/GRONK2000/FPGAgatherer/db/sign_div_unsign_anh.tdf ;         ;
; db/alt_u_div_q2f.tdf             ; yes             ; Auto-Generated Megafunction  ; C:/Users/Mikkel/Documents/GitHub/GRONK2000/FPGAgatherer/db/alt_u_div_q2f.tdf       ;         ;
; db/lpm_divide_7dm.tdf            ; yes             ; Auto-Generated Megafunction  ; C:/Users/Mikkel/Documents/GitHub/GRONK2000/FPGAgatherer/db/lpm_divide_7dm.tdf      ;         ;
; db/sign_div_unsign_dnh.tdf       ; yes             ; Auto-Generated Megafunction  ; C:/Users/Mikkel/Documents/GitHub/GRONK2000/FPGAgatherer/db/sign_div_unsign_dnh.tdf ;         ;
; db/alt_u_div_03f.tdf             ; yes             ; Auto-Generated Megafunction  ; C:/Users/Mikkel/Documents/GitHub/GRONK2000/FPGAgatherer/db/alt_u_div_03f.tdf       ;         ;
+----------------------------------+-----------------+------------------------------+------------------------------------------------------------------------------------+---------+


+-------------------------------------------------------------------------------------------------------------------------------------------------------------------------------+
; Analysis & Synthesis Resource Usage Summary                                                                                                                                   ;
+---------------------------------------------+---------------------------------------------------------------------------------------------------------------------------------+
; Resource                                    ; Usage                                                                                                                           ;
+---------------------------------------------+---------------------------------------------------------------------------------------------------------------------------------+
; Estimate of Logic utilization (ALMs needed) ; 2555                                                                                                                            ;
;                                             ;                                                                                                                                 ;
; Combinational ALUT usage for logic          ; 5097                                                                                                                            ;
;     -- 7 input functions                    ; 0                                                                                                                               ;
;     -- 6 input functions                    ; 12                                                                                                                              ;
;     -- 5 input functions                    ; 23                                                                                                                              ;
;     -- 4 input functions                    ; 1513                                                                                                                            ;
;     -- <=3 input functions                  ; 3549                                                                                                                            ;
;                                             ;                                                                                                                                 ;
; Dedicated logic registers                   ; 24                                                                                                                              ;
;                                             ;                                                                                                                                 ;
; I/O pins                                    ; 84                                                                                                                              ;
;                                             ;                                                                                                                                 ;
; Total DSP Blocks                            ; 0                                                                                                                               ;
;                                             ;                                                                                                                                 ;
; Maximum fan-out node                        ; SevenSegDisplay:Display|lpm_divide:Mod1|lpm_divide_85m:auto_generated|sign_div_unsign_bnh:divider|alt_u_div_s2f:divider|op_17~1 ;
; Maximum fan-out                             ; 69                                                                                                                              ;
; Total fan-out                               ; 16299                                                                                                                           ;
; Average fan-out                             ; 3.08                                                                                                                            ;
+---------------------------------------------+---------------------------------------------------------------------------------------------------------------------------------+


+-----------------------------------------------------------------------------------------------------------------------------------------------------------------------------------------------------------------------------------------------------------------------------------------------------------------------------------------+
; Analysis & Synthesis Resource Utilization by Entity                                                                                                                                                                                                                                                                                     ;
+----------------------------------------------------+---------------------+---------------------------+-------------------+------------+------+--------------+--------------------------------------------------------------------------------------------------------------------------------------+---------------------+--------------+
; Compilation Hierarchy Node                         ; Combinational ALUTs ; Dedicated Logic Registers ; Block Memory Bits ; DSP Blocks ; Pins ; Virtual Pins ; Full Hierarchy Name                                                                                                                  ; Entity Name         ; Library Name ;
+----------------------------------------------------+---------------------+---------------------------+-------------------+------------+------+--------------+--------------------------------------------------------------------------------------------------------------------------------------+---------------------+--------------+
; |FPGA_LEDRAM                                       ; 5097 (24)           ; 24 (24)                   ; 0                 ; 0          ; 84   ; 0            ; |FPGA_LEDRAM                                                                                                                         ; FPGA_LEDRAM         ; work         ;
;    |SevenSegDisplay:Display|                       ; 5073 (0)            ; 0 (0)                     ; 0                 ; 0          ; 0    ; 0            ; |FPGA_LEDRAM|SevenSegDisplay:Display                                                                                                 ; SevenSegDisplay     ; work         ;
;       |SevenSegDigit:\genDigits:0:SevenSegDisplay| ; 7 (7)               ; 0 (0)                     ; 0                 ; 0          ; 0    ; 0            ; |FPGA_LEDRAM|SevenSegDisplay:Display|SevenSegDigit:\genDigits:0:SevenSegDisplay                                                      ; SevenSegDigit       ; work         ;
;       |SevenSegDigit:\genDigits:1:SevenSegDisplay| ; 7 (7)               ; 0 (0)                     ; 0                 ; 0          ; 0    ; 0            ; |FPGA_LEDRAM|SevenSegDisplay:Display|SevenSegDigit:\genDigits:1:SevenSegDisplay                                                      ; SevenSegDigit       ; work         ;
;       |SevenSegDigit:\genDigits:2:SevenSegDisplay| ; 7 (7)               ; 0 (0)                     ; 0                 ; 0          ; 0    ; 0            ; |FPGA_LEDRAM|SevenSegDisplay:Display|SevenSegDigit:\genDigits:2:SevenSegDisplay                                                      ; SevenSegDigit       ; work         ;
;       |SevenSegDigit:\genDigits:3:SevenSegDisplay| ; 7 (7)               ; 0 (0)                     ; 0                 ; 0          ; 0    ; 0            ; |FPGA_LEDRAM|SevenSegDisplay:Display|SevenSegDigit:\genDigits:3:SevenSegDisplay                                                      ; SevenSegDigit       ; work         ;
;       |SevenSegDigit:\genDigits:4:SevenSegDisplay| ; 7 (7)               ; 0 (0)                     ; 0                 ; 0          ; 0    ; 0            ; |FPGA_LEDRAM|SevenSegDisplay:Display|SevenSegDigit:\genDigits:4:SevenSegDisplay                                                      ; SevenSegDigit       ; work         ;
;       |SevenSegDigit:\genDigits:5:SevenSegDisplay| ; 7 (7)               ; 0 (0)                     ; 0                 ; 0          ; 0    ; 0            ; |FPGA_LEDRAM|SevenSegDisplay:Display|SevenSegDigit:\genDigits:5:SevenSegDisplay                                                      ; SevenSegDigit       ; work         ;
;       |lpm_divide:Div0|                            ; 223 (0)             ; 0 (0)                     ; 0                 ; 0          ; 0    ; 0            ; |FPGA_LEDRAM|SevenSegDisplay:Display|lpm_divide:Div0                                                                                 ; lpm_divide          ; work         ;
;          |lpm_divide_jbm:auto_generated|           ; 223 (0)             ; 0 (0)                     ; 0                 ; 0          ; 0    ; 0            ; |FPGA_LEDRAM|SevenSegDisplay:Display|lpm_divide:Div0|lpm_divide_jbm:auto_generated                                                   ; lpm_divide_jbm      ; work         ;
;             |sign_div_unsign_plh:divider|          ; 223 (0)             ; 0 (0)                     ; 0                 ; 0          ; 0    ; 0            ; |FPGA_LEDRAM|SevenSegDisplay:Display|lpm_divide:Div0|lpm_divide_jbm:auto_generated|sign_div_unsign_plh:divider                       ; sign_div_unsign_plh ; work         ;
;                |alt_u_div_ove:divider|             ; 223 (223)           ; 0 (0)                     ; 0                 ; 0          ; 0    ; 0            ; |FPGA_LEDRAM|SevenSegDisplay:Display|lpm_divide:Div0|lpm_divide_jbm:auto_generated|sign_div_unsign_plh:divider|alt_u_div_ove:divider ; alt_u_div_ove       ; work         ;
;       |lpm_divide:Div1|                            ; 325 (0)             ; 0 (0)                     ; 0                 ; 0          ; 0    ; 0            ; |FPGA_LEDRAM|SevenSegDisplay:Display|lpm_divide:Div1                                                                                 ; lpm_divide          ; work         ;
;          |lpm_divide_mbm:auto_generated|           ; 325 (0)             ; 0 (0)                     ; 0                 ; 0          ; 0    ; 0            ; |FPGA_LEDRAM|SevenSegDisplay:Display|lpm_divide:Div1|lpm_divide_mbm:auto_generated                                                   ; lpm_divide_mbm      ; work         ;
;             |sign_div_unsign_slh:divider|          ; 325 (0)             ; 0 (0)                     ; 0                 ; 0          ; 0    ; 0            ; |FPGA_LEDRAM|SevenSegDisplay:Display|lpm_divide:Div1|lpm_divide_mbm:auto_generated|sign_div_unsign_slh:divider                       ; sign_div_unsign_slh ; work         ;
;                |alt_u_div_uve:divider|             ; 325 (325)           ; 0 (0)                     ; 0                 ; 0          ; 0    ; 0            ; |FPGA_LEDRAM|SevenSegDisplay:Display|lpm_divide:Div1|lpm_divide_mbm:auto_generated|sign_div_unsign_slh:divider|alt_u_div_uve:divider ; alt_u_div_uve       ; work         ;
;       |lpm_divide:Div2|                            ; 367 (0)             ; 0 (0)                     ; 0                 ; 0          ; 0    ; 0            ; |FPGA_LEDRAM|SevenSegDisplay:Display|lpm_divide:Div2                                                                                 ; lpm_divide          ; work         ;
;          |lpm_divide_0dm:auto_generated|           ; 367 (0)             ; 0 (0)                     ; 0                 ; 0          ; 0    ; 0            ; |FPGA_LEDRAM|SevenSegDisplay:Display|lpm_divide:Div2|lpm_divide_0dm:auto_generated                                                   ; lpm_divide_0dm      ; work         ;
;             |sign_div_unsign_6nh:divider|          ; 367 (0)             ; 0 (0)                     ; 0                 ; 0          ; 0    ; 0            ; |FPGA_LEDRAM|SevenSegDisplay:Display|lpm_divide:Div2|lpm_divide_0dm:auto_generated|sign_div_unsign_6nh:divider                       ; sign_div_unsign_6nh ; work         ;
;                |alt_u_div_i2f:divider|             ; 367 (367)           ; 0 (0)                     ; 0                 ; 0          ; 0    ; 0            ; |FPGA_LEDRAM|SevenSegDisplay:Display|lpm_divide:Div2|lpm_divide_0dm:auto_generated|sign_div_unsign_6nh:divider|alt_u_div_i2f:divider ; alt_u_div_i2f       ; work         ;
;       |lpm_divide:Div3|                            ; 363 (0)             ; 0 (0)                     ; 0                 ; 0          ; 0    ; 0            ; |FPGA_LEDRAM|SevenSegDisplay:Display|lpm_divide:Div3                                                                                 ; lpm_divide          ; work         ;
;          |lpm_divide_4dm:auto_generated|           ; 363 (0)             ; 0 (0)                     ; 0                 ; 0          ; 0    ; 0            ; |FPGA_LEDRAM|SevenSegDisplay:Display|lpm_divide:Div3|lpm_divide_4dm:auto_generated                                                   ; lpm_divide_4dm      ; work         ;
;             |sign_div_unsign_anh:divider|          ; 363 (0)             ; 0 (0)                     ; 0                 ; 0          ; 0    ; 0            ; |FPGA_LEDRAM|SevenSegDisplay:Display|lpm_divide:Div3|lpm_divide_4dm:auto_generated|sign_div_unsign_anh:divider                       ; sign_div_unsign_anh ; work         ;
;                |alt_u_div_q2f:divider|             ; 363 (363)           ; 0 (0)                     ; 0                 ; 0          ; 0    ; 0            ; |FPGA_LEDRAM|SevenSegDisplay:Display|lpm_divide:Div3|lpm_divide_4dm:auto_generated|sign_div_unsign_anh:divider|alt_u_div_q2f:divider ; alt_u_div_q2f       ; work         ;
;       |lpm_divide:Div4|                            ; 310 (0)             ; 0 (0)                     ; 0                 ; 0          ; 0    ; 0            ; |FPGA_LEDRAM|SevenSegDisplay:Display|lpm_divide:Div4                                                                                 ; lpm_divide          ; work         ;
;          |lpm_divide_7dm:auto_generated|           ; 310 (0)             ; 0 (0)                     ; 0                 ; 0          ; 0    ; 0            ; |FPGA_LEDRAM|SevenSegDisplay:Display|lpm_divide:Div4|lpm_divide_7dm:auto_generated                                                   ; lpm_divide_7dm      ; work         ;
;             |sign_div_unsign_dnh:divider|          ; 310 (0)             ; 0 (0)                     ; 0                 ; 0          ; 0    ; 0            ; |FPGA_LEDRAM|SevenSegDisplay:Display|lpm_divide:Div4|lpm_divide_7dm:auto_generated|sign_div_unsign_dnh:divider                       ; sign_div_unsign_dnh ; work         ;
;                |alt_u_div_03f:divider|             ; 310 (310)           ; 0 (0)                     ; 0                 ; 0          ; 0    ; 0            ; |FPGA_LEDRAM|SevenSegDisplay:Display|lpm_divide:Div4|lpm_divide_7dm:auto_generated|sign_div_unsign_dnh:divider|alt_u_div_03f:divider ; alt_u_div_03f       ; work         ;
;       |lpm_divide:Mod0|                            ; 707 (0)             ; 0 (0)                     ; 0                 ; 0          ; 0    ; 0            ; |FPGA_LEDRAM|SevenSegDisplay:Display|lpm_divide:Mod0                                                                                 ; lpm_divide          ; work         ;
;          |lpm_divide_85m:auto_generated|           ; 707 (0)             ; 0 (0)                     ; 0                 ; 0          ; 0    ; 0            ; |FPGA_LEDRAM|SevenSegDisplay:Display|lpm_divide:Mod0|lpm_divide_85m:auto_generated                                                   ; lpm_divide_85m      ; work         ;
;             |sign_div_unsign_bnh:divider|          ; 707 (0)             ; 0 (0)                     ; 0                 ; 0          ; 0    ; 0            ; |FPGA_LEDRAM|SevenSegDisplay:Display|lpm_divide:Mod0|lpm_divide_85m:auto_generated|sign_div_unsign_bnh:divider                       ; sign_div_unsign_bnh ; work         ;
;                |alt_u_div_s2f:divider|             ; 707 (707)           ; 0 (0)                     ; 0                 ; 0          ; 0    ; 0            ; |FPGA_LEDRAM|SevenSegDisplay:Display|lpm_divide:Mod0|lpm_divide_85m:auto_generated|sign_div_unsign_bnh:divider|alt_u_div_s2f:divider ; alt_u_div_s2f       ; work         ;
;       |lpm_divide:Mod1|                            ; 751 (0)             ; 0 (0)                     ; 0                 ; 0          ; 0    ; 0            ; |FPGA_LEDRAM|SevenSegDisplay:Display|lpm_divide:Mod1                                                                                 ; lpm_divide          ; work         ;
;          |lpm_divide_85m:auto_generated|           ; 751 (0)             ; 0 (0)                     ; 0                 ; 0          ; 0    ; 0            ; |FPGA_LEDRAM|SevenSegDisplay:Display|lpm_divide:Mod1|lpm_divide_85m:auto_generated                                                   ; lpm_divide_85m      ; work         ;
;             |sign_div_unsign_bnh:divider|          ; 751 (0)             ; 0 (0)                     ; 0                 ; 0          ; 0    ; 0            ; |FPGA_LEDRAM|SevenSegDisplay:Display|lpm_divide:Mod1|lpm_divide_85m:auto_generated|sign_div_unsign_bnh:divider                       ; sign_div_unsign_bnh ; work         ;
;                |alt_u_div_s2f:divider|             ; 751 (751)           ; 0 (0)                     ; 0                 ; 0          ; 0    ; 0            ; |FPGA_LEDRAM|SevenSegDisplay:Display|lpm_divide:Mod1|lpm_divide_85m:auto_generated|sign_div_unsign_bnh:divider|alt_u_div_s2f:divider ; alt_u_div_s2f       ; work         ;
;       |lpm_divide:Mod2|                            ; 684 (0)             ; 0 (0)                     ; 0                 ; 0          ; 0    ; 0            ; |FPGA_LEDRAM|SevenSegDisplay:Display|lpm_divide:Mod2                                                                                 ; lpm_divide          ; work         ;
;          |lpm_divide_85m:auto_generated|           ; 684 (0)             ; 0 (0)                     ; 0                 ; 0          ; 0    ; 0            ; |FPGA_LEDRAM|SevenSegDisplay:Display|lpm_divide:Mod2|lpm_divide_85m:auto_generated                                                   ; lpm_divide_85m      ; work         ;
;             |sign_div_unsign_bnh:divider|          ; 684 (0)             ; 0 (0)                     ; 0                 ; 0          ; 0    ; 0            ; |FPGA_LEDRAM|SevenSegDisplay:Display|lpm_divide:Mod2|lpm_divide_85m:auto_generated|sign_div_unsign_bnh:divider                       ; sign_div_unsign_bnh ; work         ;
;                |alt_u_div_s2f:divider|             ; 684 (684)           ; 0 (0)                     ; 0                 ; 0          ; 0    ; 0            ; |FPGA_LEDRAM|SevenSegDisplay:Display|lpm_divide:Mod2|lpm_divide_85m:auto_generated|sign_div_unsign_bnh:divider|alt_u_div_s2f:divider ; alt_u_div_s2f       ; work         ;
;       |lpm_divide:Mod3|                            ; 561 (0)             ; 0 (0)                     ; 0                 ; 0          ; 0    ; 0            ; |FPGA_LEDRAM|SevenSegDisplay:Display|lpm_divide:Mod3                                                                                 ; lpm_divide          ; work         ;
;          |lpm_divide_85m:auto_generated|           ; 561 (0)             ; 0 (0)                     ; 0                 ; 0          ; 0    ; 0            ; |FPGA_LEDRAM|SevenSegDisplay:Display|lpm_divide:Mod3|lpm_divide_85m:auto_generated                                                   ; lpm_divide_85m      ; work         ;
;             |sign_div_unsign_bnh:divider|          ; 561 (0)             ; 0 (0)                     ; 0                 ; 0          ; 0    ; 0            ; |FPGA_LEDRAM|SevenSegDisplay:Display|lpm_divide:Mod3|lpm_divide_85m:auto_generated|sign_div_unsign_bnh:divider                       ; sign_div_unsign_bnh ; work         ;
;                |alt_u_div_s2f:divider|             ; 561 (561)           ; 0 (0)                     ; 0                 ; 0          ; 0    ; 0            ; |FPGA_LEDRAM|SevenSegDisplay:Display|lpm_divide:Mod3|lpm_divide_85m:auto_generated|sign_div_unsign_bnh:divider|alt_u_div_s2f:divider ; alt_u_div_s2f       ; work         ;
;       |lpm_divide:Mod4|                            ; 441 (0)             ; 0 (0)                     ; 0                 ; 0          ; 0    ; 0            ; |FPGA_LEDRAM|SevenSegDisplay:Display|lpm_divide:Mod4                                                                                 ; lpm_divide          ; work         ;
;          |lpm_divide_85m:auto_generated|           ; 441 (0)             ; 0 (0)                     ; 0                 ; 0          ; 0    ; 0            ; |FPGA_LEDRAM|SevenSegDisplay:Display|lpm_divide:Mod4|lpm_divide_85m:auto_generated                                                   ; lpm_divide_85m      ; work         ;
;             |sign_div_unsign_bnh:divider|          ; 441 (0)             ; 0 (0)                     ; 0                 ; 0          ; 0    ; 0            ; |FPGA_LEDRAM|SevenSegDisplay:Display|lpm_divide:Mod4|lpm_divide_85m:auto_generated|sign_div_unsign_bnh:divider                       ; sign_div_unsign_bnh ; work         ;
;                |alt_u_div_s2f:divider|             ; 441 (441)           ; 0 (0)                     ; 0                 ; 0          ; 0    ; 0            ; |FPGA_LEDRAM|SevenSegDisplay:Display|lpm_divide:Mod4|lpm_divide_85m:auto_generated|sign_div_unsign_bnh:divider|alt_u_div_s2f:divider ; alt_u_div_s2f       ; work         ;
;       |lpm_divide:Mod5|                            ; 299 (0)             ; 0 (0)                     ; 0                 ; 0          ; 0    ; 0            ; |FPGA_LEDRAM|SevenSegDisplay:Display|lpm_divide:Mod5                                                                                 ; lpm_divide          ; work         ;
;          |lpm_divide_85m:auto_generated|           ; 299 (0)             ; 0 (0)                     ; 0                 ; 0          ; 0    ; 0            ; |FPGA_LEDRAM|SevenSegDisplay:Display|lpm_divide:Mod5|lpm_divide_85m:auto_generated                                                   ; lpm_divide_85m      ; work         ;
;             |sign_div_unsign_bnh:divider|          ; 299 (0)             ; 0 (0)                     ; 0                 ; 0          ; 0    ; 0            ; |FPGA_LEDRAM|SevenSegDisplay:Display|lpm_divide:Mod5|lpm_divide_85m:auto_generated|sign_div_unsign_bnh:divider                       ; sign_div_unsign_bnh ; work         ;
;                |alt_u_div_s2f:divider|             ; 299 (299)           ; 0 (0)                     ; 0                 ; 0          ; 0    ; 0            ; |FPGA_LEDRAM|SevenSegDisplay:Display|lpm_divide:Mod5|lpm_divide_85m:auto_generated|sign_div_unsign_bnh:divider|alt_u_div_s2f:divider ; alt_u_div_s2f       ; work         ;
+----------------------------------------------------+---------------------+---------------------------+-------------------+------------+------+--------------+--------------------------------------------------------------------------------------------------------------------------------------+---------------------+--------------+
Note: For table entries with two numbers listed, the numbers in parentheses indicate the number of resources of the given type used by the specific entity alone. The numbers listed outside of parentheses indicate the total resources of the given type used by the specific entity and all of its sub-entities in the hierarchy.


+------------------------------------------------------------+
; Registers Removed During Synthesis                         ;
+---------------------------------------+--------------------+
; Register name                         ; Reason for Removal ;
+---------------------------------------+--------------------+
; i[24..31]                             ; Lost fanout        ;
; Total Number of Removed Registers = 8 ;                    ;
+---------------------------------------+--------------------+


+------------------------------------------------------+
; General Register Statistics                          ;
+----------------------------------------------+-------+
; Statistic                                    ; Value ;
+----------------------------------------------+-------+
; Total registers                              ; 24    ;
; Number of registers using Synchronous Clear  ; 0     ;
; Number of registers using Synchronous Load   ; 0     ;
; Number of registers using Asynchronous Clear ; 0     ;
; Number of registers using Asynchronous Load  ; 0     ;
; Number of registers using Clock Enable       ; 0     ;
; Number of registers using Preset             ; 0     ;
+----------------------------------------------+-------+


+----------------------------------------------------------------------+
; Parameter Settings for User Entity Instance: SevenSegDisplay:Display ;
+----------------+----------+------------------------------------------+
; Parameter Name ; Value    ; Type                                     ;
+----------------+----------+------------------------------------------+
; mode           ; DEC_MODE ; Enumerated                               ;
+----------------+----------+------------------------------------------+
Note: In order to hide this table in the UI and the text report file, please set the "Show Parameter Settings in Synthesis Report" option in "Analysis and Synthesis Settings -> More Settings" to "Off".


+------------------------------------------------------------------------------------------+
; Parameter Settings for Inferred Entity Instance: SevenSegDisplay:Display|lpm_divide:Mod0 ;
+------------------------+----------------+------------------------------------------------+
; Parameter Name         ; Value          ; Type                                           ;
+------------------------+----------------+------------------------------------------------+
; LPM_WIDTHN             ; 24             ; Untyped                                        ;
; LPM_WIDTHD             ; 24             ; Untyped                                        ;
; LPM_NREPRESENTATION    ; UNSIGNED       ; Untyped                                        ;
; LPM_DREPRESENTATION    ; UNSIGNED       ; Untyped                                        ;
; LPM_PIPELINE           ; 0              ; Untyped                                        ;
; LPM_REMAINDERPOSITIVE  ; TRUE           ; Untyped                                        ;
; MAXIMIZE_SPEED         ; 5              ; Untyped                                        ;
; CBXI_PARAMETER         ; lpm_divide_85m ; Untyped                                        ;
; CARRY_CHAIN            ; MANUAL         ; Untyped                                        ;
; OPTIMIZE_FOR_SPEED     ; 5              ; Untyped                                        ;
; AUTO_CARRY_CHAINS      ; ON             ; AUTO_CARRY                                     ;
; IGNORE_CARRY_BUFFERS   ; OFF            ; IGNORE_CARRY                                   ;
; AUTO_CASCADE_CHAINS    ; ON             ; AUTO_CASCADE                                   ;
; IGNORE_CASCADE_BUFFERS ; OFF            ; IGNORE_CASCADE                                 ;
+------------------------+----------------+------------------------------------------------+
Note: In order to hide this table in the UI and the text report file, please set the "Show Parameter Settings in Synthesis Report" option in "Analysis and Synthesis Settings -> More Settings" to "Off".


+------------------------------------------------------------------------------------------+
; Parameter Settings for Inferred Entity Instance: SevenSegDisplay:Display|lpm_divide:Mod1 ;
+------------------------+----------------+------------------------------------------------+
; Parameter Name         ; Value          ; Type                                           ;
+------------------------+----------------+------------------------------------------------+
; LPM_WIDTHN             ; 24             ; Untyped                                        ;
; LPM_WIDTHD             ; 24             ; Untyped                                        ;
; LPM_NREPRESENTATION    ; UNSIGNED       ; Untyped                                        ;
; LPM_DREPRESENTATION    ; UNSIGNED       ; Untyped                                        ;
; LPM_PIPELINE           ; 0              ; Untyped                                        ;
; LPM_REMAINDERPOSITIVE  ; TRUE           ; Untyped                                        ;
; MAXIMIZE_SPEED         ; 5              ; Untyped                                        ;
; CBXI_PARAMETER         ; lpm_divide_85m ; Untyped                                        ;
; CARRY_CHAIN            ; MANUAL         ; Untyped                                        ;
; OPTIMIZE_FOR_SPEED     ; 5              ; Untyped                                        ;
; AUTO_CARRY_CHAINS      ; ON             ; AUTO_CARRY                                     ;
; IGNORE_CARRY_BUFFERS   ; OFF            ; IGNORE_CARRY                                   ;
; AUTO_CASCADE_CHAINS    ; ON             ; AUTO_CASCADE                                   ;
; IGNORE_CASCADE_BUFFERS ; OFF            ; IGNORE_CASCADE                                 ;
+------------------------+----------------+------------------------------------------------+
Note: In order to hide this table in the UI and the text report file, please set the "Show Parameter Settings in Synthesis Report" option in "Analysis and Synthesis Settings -> More Settings" to "Off".


+------------------------------------------------------------------------------------------+
; Parameter Settings for Inferred Entity Instance: SevenSegDisplay:Display|lpm_divide:Div0 ;
+------------------------+----------------+------------------------------------------------+
; Parameter Name         ; Value          ; Type                                           ;
+------------------------+----------------+------------------------------------------------+
; LPM_WIDTHN             ; 24             ; Untyped                                        ;
; LPM_WIDTHD             ; 4              ; Untyped                                        ;
; LPM_NREPRESENTATION    ; UNSIGNED       ; Untyped                                        ;
; LPM_DREPRESENTATION    ; UNSIGNED       ; Untyped                                        ;
; LPM_PIPELINE           ; 0              ; Untyped                                        ;
; LPM_REMAINDERPOSITIVE  ; TRUE           ; Untyped                                        ;
; MAXIMIZE_SPEED         ; 5              ; Untyped                                        ;
; CBXI_PARAMETER         ; lpm_divide_jbm ; Untyped                                        ;
; CARRY_CHAIN            ; MANUAL         ; Untyped                                        ;
; OPTIMIZE_FOR_SPEED     ; 5              ; Untyped                                        ;
; AUTO_CARRY_CHAINS      ; ON             ; AUTO_CARRY                                     ;
; IGNORE_CARRY_BUFFERS   ; OFF            ; IGNORE_CARRY                                   ;
; AUTO_CASCADE_CHAINS    ; ON             ; AUTO_CASCADE                                   ;
; IGNORE_CASCADE_BUFFERS ; OFF            ; IGNORE_CASCADE                                 ;
+------------------------+----------------+------------------------------------------------+
Note: In order to hide this table in the UI and the text report file, please set the "Show Parameter Settings in Synthesis Report" option in "Analysis and Synthesis Settings -> More Settings" to "Off".


+------------------------------------------------------------------------------------------+
; Parameter Settings for Inferred Entity Instance: SevenSegDisplay:Display|lpm_divide:Mod2 ;
+------------------------+----------------+------------------------------------------------+
; Parameter Name         ; Value          ; Type                                           ;
+------------------------+----------------+------------------------------------------------+
; LPM_WIDTHN             ; 24             ; Untyped                                        ;
; LPM_WIDTHD             ; 24             ; Untyped                                        ;
; LPM_NREPRESENTATION    ; UNSIGNED       ; Untyped                                        ;
; LPM_DREPRESENTATION    ; UNSIGNED       ; Untyped                                        ;
; LPM_PIPELINE           ; 0              ; Untyped                                        ;
; LPM_REMAINDERPOSITIVE  ; TRUE           ; Untyped                                        ;
; MAXIMIZE_SPEED         ; 5              ; Untyped                                        ;
; CBXI_PARAMETER         ; lpm_divide_85m ; Untyped                                        ;
; CARRY_CHAIN            ; MANUAL         ; Untyped                                        ;
; OPTIMIZE_FOR_SPEED     ; 5              ; Untyped                                        ;
; AUTO_CARRY_CHAINS      ; ON             ; AUTO_CARRY                                     ;
; IGNORE_CARRY_BUFFERS   ; OFF            ; IGNORE_CARRY                                   ;
; AUTO_CASCADE_CHAINS    ; ON             ; AUTO_CASCADE                                   ;
; IGNORE_CASCADE_BUFFERS ; OFF            ; IGNORE_CASCADE                                 ;
+------------------------+----------------+------------------------------------------------+
Note: In order to hide this table in the UI and the text report file, please set the "Show Parameter Settings in Synthesis Report" option in "Analysis and Synthesis Settings -> More Settings" to "Off".


+------------------------------------------------------------------------------------------+
; Parameter Settings for Inferred Entity Instance: SevenSegDisplay:Display|lpm_divide:Div1 ;
+------------------------+----------------+------------------------------------------------+
; Parameter Name         ; Value          ; Type                                           ;
+------------------------+----------------+------------------------------------------------+
; LPM_WIDTHN             ; 24             ; Untyped                                        ;
; LPM_WIDTHD             ; 7              ; Untyped                                        ;
; LPM_NREPRESENTATION    ; UNSIGNED       ; Untyped                                        ;
; LPM_DREPRESENTATION    ; UNSIGNED       ; Untyped                                        ;
; LPM_PIPELINE           ; 0              ; Untyped                                        ;
; LPM_REMAINDERPOSITIVE  ; TRUE           ; Untyped                                        ;
; MAXIMIZE_SPEED         ; 5              ; Untyped                                        ;
; CBXI_PARAMETER         ; lpm_divide_mbm ; Untyped                                        ;
; CARRY_CHAIN            ; MANUAL         ; Untyped                                        ;
; OPTIMIZE_FOR_SPEED     ; 5              ; Untyped                                        ;
; AUTO_CARRY_CHAINS      ; ON             ; AUTO_CARRY                                     ;
; IGNORE_CARRY_BUFFERS   ; OFF            ; IGNORE_CARRY                                   ;
; AUTO_CASCADE_CHAINS    ; ON             ; AUTO_CASCADE                                   ;
; IGNORE_CASCADE_BUFFERS ; OFF            ; IGNORE_CASCADE                                 ;
+------------------------+----------------+------------------------------------------------+
Note: In order to hide this table in the UI and the text report file, please set the "Show Parameter Settings in Synthesis Report" option in "Analysis and Synthesis Settings -> More Settings" to "Off".


+------------------------------------------------------------------------------------------+
; Parameter Settings for Inferred Entity Instance: SevenSegDisplay:Display|lpm_divide:Mod3 ;
+------------------------+----------------+------------------------------------------------+
; Parameter Name         ; Value          ; Type                                           ;
+------------------------+----------------+------------------------------------------------+
; LPM_WIDTHN             ; 24             ; Untyped                                        ;
; LPM_WIDTHD             ; 24             ; Untyped                                        ;
; LPM_NREPRESENTATION    ; UNSIGNED       ; Untyped                                        ;
; LPM_DREPRESENTATION    ; UNSIGNED       ; Untyped                                        ;
; LPM_PIPELINE           ; 0              ; Untyped                                        ;
; LPM_REMAINDERPOSITIVE  ; TRUE           ; Untyped                                        ;
; MAXIMIZE_SPEED         ; 5              ; Untyped                                        ;
; CBXI_PARAMETER         ; lpm_divide_85m ; Untyped                                        ;
; CARRY_CHAIN            ; MANUAL         ; Untyped                                        ;
; OPTIMIZE_FOR_SPEED     ; 5              ; Untyped                                        ;
; AUTO_CARRY_CHAINS      ; ON             ; AUTO_CARRY                                     ;
; IGNORE_CARRY_BUFFERS   ; OFF            ; IGNORE_CARRY                                   ;
; AUTO_CASCADE_CHAINS    ; ON             ; AUTO_CASCADE                                   ;
; IGNORE_CASCADE_BUFFERS ; OFF            ; IGNORE_CASCADE                                 ;
+------------------------+----------------+------------------------------------------------+
Note: In order to hide this table in the UI and the text report file, please set the "Show Parameter Settings in Synthesis Report" option in "Analysis and Synthesis Settings -> More Settings" to "Off".


+------------------------------------------------------------------------------------------+
; Parameter Settings for Inferred Entity Instance: SevenSegDisplay:Display|lpm_divide:Div2 ;
+------------------------+----------------+------------------------------------------------+
; Parameter Name         ; Value          ; Type                                           ;
+------------------------+----------------+------------------------------------------------+
; LPM_WIDTHN             ; 24             ; Untyped                                        ;
; LPM_WIDTHD             ; 10             ; Untyped                                        ;
; LPM_NREPRESENTATION    ; UNSIGNED       ; Untyped                                        ;
; LPM_DREPRESENTATION    ; UNSIGNED       ; Untyped                                        ;
; LPM_PIPELINE           ; 0              ; Untyped                                        ;
; LPM_REMAINDERPOSITIVE  ; TRUE           ; Untyped                                        ;
; MAXIMIZE_SPEED         ; 5              ; Untyped                                        ;
; CBXI_PARAMETER         ; lpm_divide_0dm ; Untyped                                        ;
; CARRY_CHAIN            ; MANUAL         ; Untyped                                        ;
; OPTIMIZE_FOR_SPEED     ; 5              ; Untyped                                        ;
; AUTO_CARRY_CHAINS      ; ON             ; AUTO_CARRY                                     ;
; IGNORE_CARRY_BUFFERS   ; OFF            ; IGNORE_CARRY                                   ;
; AUTO_CASCADE_CHAINS    ; ON             ; AUTO_CASCADE                                   ;
; IGNORE_CASCADE_BUFFERS ; OFF            ; IGNORE_CASCADE                                 ;
+------------------------+----------------+------------------------------------------------+
Note: In order to hide this table in the UI and the text report file, please set the "Show Parameter Settings in Synthesis Report" option in "Analysis and Synthesis Settings -> More Settings" to "Off".


+------------------------------------------------------------------------------------------+
; Parameter Settings for Inferred Entity Instance: SevenSegDisplay:Display|lpm_divide:Mod4 ;
+------------------------+----------------+------------------------------------------------+
; Parameter Name         ; Value          ; Type                                           ;
+------------------------+----------------+------------------------------------------------+
; LPM_WIDTHN             ; 24             ; Untyped                                        ;
; LPM_WIDTHD             ; 24             ; Untyped                                        ;
; LPM_NREPRESENTATION    ; UNSIGNED       ; Untyped                                        ;
; LPM_DREPRESENTATION    ; UNSIGNED       ; Untyped                                        ;
; LPM_PIPELINE           ; 0              ; Untyped                                        ;
; LPM_REMAINDERPOSITIVE  ; TRUE           ; Untyped                                        ;
; MAXIMIZE_SPEED         ; 5              ; Untyped                                        ;
; CBXI_PARAMETER         ; lpm_divide_85m ; Untyped                                        ;
; CARRY_CHAIN            ; MANUAL         ; Untyped                                        ;
; OPTIMIZE_FOR_SPEED     ; 5              ; Untyped                                        ;
; AUTO_CARRY_CHAINS      ; ON             ; AUTO_CARRY                                     ;
; IGNORE_CARRY_BUFFERS   ; OFF            ; IGNORE_CARRY                                   ;
; AUTO_CASCADE_CHAINS    ; ON             ; AUTO_CASCADE                                   ;
; IGNORE_CASCADE_BUFFERS ; OFF            ; IGNORE_CASCADE                                 ;
+------------------------+----------------+------------------------------------------------+
Note: In order to hide this table in the UI and the text report file, please set the "Show Parameter Settings in Synthesis Report" option in "Analysis and Synthesis Settings -> More Settings" to "Off".


+------------------------------------------------------------------------------------------+
; Parameter Settings for Inferred Entity Instance: SevenSegDisplay:Display|lpm_divide:Div3 ;
+------------------------+----------------+------------------------------------------------+
; Parameter Name         ; Value          ; Type                                           ;
+------------------------+----------------+------------------------------------------------+
; LPM_WIDTHN             ; 24             ; Untyped                                        ;
; LPM_WIDTHD             ; 14             ; Untyped                                        ;
; LPM_NREPRESENTATION    ; UNSIGNED       ; Untyped                                        ;
; LPM_DREPRESENTATION    ; UNSIGNED       ; Untyped                                        ;
; LPM_PIPELINE           ; 0              ; Untyped                                        ;
; LPM_REMAINDERPOSITIVE  ; TRUE           ; Untyped                                        ;
; MAXIMIZE_SPEED         ; 5              ; Untyped                                        ;
; CBXI_PARAMETER         ; lpm_divide_4dm ; Untyped                                        ;
; CARRY_CHAIN            ; MANUAL         ; Untyped                                        ;
; OPTIMIZE_FOR_SPEED     ; 5              ; Untyped                                        ;
; AUTO_CARRY_CHAINS      ; ON             ; AUTO_CARRY                                     ;
; IGNORE_CARRY_BUFFERS   ; OFF            ; IGNORE_CARRY                                   ;
; AUTO_CASCADE_CHAINS    ; ON             ; AUTO_CASCADE                                   ;
; IGNORE_CASCADE_BUFFERS ; OFF            ; IGNORE_CASCADE                                 ;
+------------------------+----------------+------------------------------------------------+
Note: In order to hide this table in the UI and the text report file, please set the "Show Parameter Settings in Synthesis Report" option in "Analysis and Synthesis Settings -> More Settings" to "Off".


+------------------------------------------------------------------------------------------+
; Parameter Settings for Inferred Entity Instance: SevenSegDisplay:Display|lpm_divide:Mod5 ;
+------------------------+----------------+------------------------------------------------+
; Parameter Name         ; Value          ; Type                                           ;
+------------------------+----------------+------------------------------------------------+
; LPM_WIDTHN             ; 24             ; Untyped                                        ;
; LPM_WIDTHD             ; 24             ; Untyped                                        ;
; LPM_NREPRESENTATION    ; UNSIGNED       ; Untyped                                        ;
; LPM_DREPRESENTATION    ; UNSIGNED       ; Untyped                                        ;
; LPM_PIPELINE           ; 0              ; Untyped                                        ;
; LPM_REMAINDERPOSITIVE  ; TRUE           ; Untyped                                        ;
; MAXIMIZE_SPEED         ; 5              ; Untyped                                        ;
; CBXI_PARAMETER         ; lpm_divide_85m ; Untyped                                        ;
; CARRY_CHAIN            ; MANUAL         ; Untyped                                        ;
; OPTIMIZE_FOR_SPEED     ; 5              ; Untyped                                        ;
; AUTO_CARRY_CHAINS      ; ON             ; AUTO_CARRY                                     ;
; IGNORE_CARRY_BUFFERS   ; OFF            ; IGNORE_CARRY                                   ;
; AUTO_CASCADE_CHAINS    ; ON             ; AUTO_CASCADE                                   ;
; IGNORE_CASCADE_BUFFERS ; OFF            ; IGNORE_CASCADE                                 ;
+------------------------+----------------+------------------------------------------------+
Note: In order to hide this table in the UI and the text report file, please set the "Show Parameter Settings in Synthesis Report" option in "Analysis and Synthesis Settings -> More Settings" to "Off".


+------------------------------------------------------------------------------------------+
; Parameter Settings for Inferred Entity Instance: SevenSegDisplay:Display|lpm_divide:Div4 ;
+------------------------+----------------+------------------------------------------------+
; Parameter Name         ; Value          ; Type                                           ;
+------------------------+----------------+------------------------------------------------+
; LPM_WIDTHN             ; 24             ; Untyped                                        ;
; LPM_WIDTHD             ; 17             ; Untyped                                        ;
; LPM_NREPRESENTATION    ; UNSIGNED       ; Untyped                                        ;
; LPM_DREPRESENTATION    ; UNSIGNED       ; Untyped                                        ;
; LPM_PIPELINE           ; 0              ; Untyped                                        ;
; LPM_REMAINDERPOSITIVE  ; TRUE           ; Untyped                                        ;
; MAXIMIZE_SPEED         ; 5              ; Untyped                                        ;
; CBXI_PARAMETER         ; lpm_divide_7dm ; Untyped                                        ;
; CARRY_CHAIN            ; MANUAL         ; Untyped                                        ;
; OPTIMIZE_FOR_SPEED     ; 5              ; Untyped                                        ;
; AUTO_CARRY_CHAINS      ; ON             ; AUTO_CARRY                                     ;
; IGNORE_CARRY_BUFFERS   ; OFF            ; IGNORE_CARRY                                   ;
; AUTO_CASCADE_CHAINS    ; ON             ; AUTO_CASCADE                                   ;
; IGNORE_CASCADE_BUFFERS ; OFF            ; IGNORE_CASCADE                                 ;
+------------------------+----------------+------------------------------------------------+
Note: In order to hide this table in the UI and the text report file, please set the "Show Parameter Settings in Synthesis Report" option in "Analysis and Synthesis Settings -> More Settings" to "Off".


+-----------------------------------------------------+
; Port Connectivity Checks: "SevenSegDisplay:Display" ;
+------+-------+----------+---------------------------+
; Port ; Type  ; Severity ; Details                   ;
+------+-------+----------+---------------------------+
; en   ; Input ; Info     ; Stuck at VCC              ;
+------+-------+----------+---------------------------+


+-----------------------------------------------------+
; Post-Synthesis Netlist Statistics for Top Partition ;
+-----------------------+-----------------------------+
; Type                  ; Count                       ;
+-----------------------+-----------------------------+
; arriav_ff             ; 24                          ;
;     plain             ; 24                          ;
; arriav_io_obuf        ; 8                           ;
; arriav_lcell_comb     ; 5103                        ;
;     arith             ; 2270                        ;
;         0 data inputs ; 290                         ;
;         1 data inputs ; 119                         ;
;         2 data inputs ; 36                          ;
;         3 data inputs ; 922                         ;
;         4 data inputs ; 903                         ;
;     normal            ; 2755                        ;
;         1 data inputs ; 7                           ;
;         2 data inputs ; 1687                        ;
;         3 data inputs ; 416                         ;
;         4 data inputs ; 610                         ;
;         5 data inputs ; 23                          ;
;         6 data inputs ; 12                          ;
;     shared            ; 78                          ;
;         0 data inputs ; 6                           ;
;         1 data inputs ; 72                          ;
; boundary_port         ; 84                          ;
;                       ;                             ;
; Max LUT depth         ; 77.50                       ;
; Average LUT depth     ; 58.93                       ;
+-----------------------+-----------------------------+


+-------------------------------+
; Elapsed Time Per Partition    ;
+----------------+--------------+
; Partition Name ; Elapsed Time ;
+----------------+--------------+
; Top            ; 00:00:12     ;
+----------------+--------------+


+-------------------------------+
; Analysis & Synthesis Messages ;
+-------------------------------+
Info: *******************************************************************
Info: Running Quartus Prime Analysis & Synthesis
    Info: Version 18.1.0 Build 625 09/12/2018 SJ Lite Edition
    Info: Processing started: Thu May 06 11:07:39 2021
Info: Command: quartus_map --read_settings_files=on --write_settings_files=off FPGAgatherer -c FPGAgatherer
Info (20030): Parallel compilation is enabled and will use 12 of the 12 processors detected
Info (12021): Found 2 design units, including 1 entities, in source file sevensegdigit.vhd
    Info (12022): Found design unit 1: SevenSegDigit-Behavioral File: C:/Users/Mikkel/Documents/GitHub/GRONK2000/FPGAgatherer/SevenSegDigit.vhd Line: 16
    Info (12023): Found entity 1: SevenSegDigit File: C:/Users/Mikkel/Documents/GitHub/GRONK2000/FPGAgatherer/SevenSegDigit.vhd Line: 5
Info (12021): Found 3 design units, including 1 entities, in source file sevensegdisplay.vhd
    Info (12022): Found design unit 1: SevenSegDisplayTypes File: C:/Users/Mikkel/Documents/GitHub/GRONK2000/FPGAgatherer/SevenSegDisplay.vhd Line: 6
    Info (12022): Found design unit 2: SevenSegDisplay-HexDisp File: C:/Users/Mikkel/Documents/GitHub/GRONK2000/FPGAgatherer/SevenSegDisplay.vhd Line: 43
    Info (12023): Found entity 1: SevenSegDisplay File: C:/Users/Mikkel/Documents/GitHub/GRONK2000/FPGAgatherer/SevenSegDisplay.vhd Line: 25
Info (12021): Found 2 design units, including 1 entities, in source file fpga_ledram.vhd
    Info (12022): Found design unit 1: FPGA_LEDRAM-Behavioral File: C:/Users/Mikkel/Documents/GitHub/GRONK2000/FPGAgatherer/FPGA_LEDRAM.vhd Line: 25
    Info (12023): Found entity 1: FPGA_LEDRAM File: C:/Users/Mikkel/Documents/GitHub/GRONK2000/FPGAgatherer/FPGA_LEDRAM.vhd Line: 9
Info (12021): Found 2 design units, including 1 entities, in source file camtoram.vhd
    Info (12022): Found design unit 1: CamToRAM-Behavioral File: C:/Users/Mikkel/Documents/GitHub/GRONK2000/FPGAgatherer/CamToRAM.vhd Line: 23
    Info (12023): Found entity 1: CamToRAM File: C:/Users/Mikkel/Documents/GitHub/GRONK2000/FPGAgatherer/CamToRAM.vhd Line: 5
Info (12021): Found 2 design units, including 1 entities, in source file arduino_ram_reader.vhd
    Info (12022): Found design unit 1: Arduino_RAM_reader-Behavioral File: C:/Users/Mikkel/Documents/GitHub/GRONK2000/FPGAgatherer/Arduino_RAM_reader.vhd Line: 27
    Info (12023): Found entity 1: Arduino_RAM_reader File: C:/Users/Mikkel/Documents/GitHub/GRONK2000/FPGAgatherer/Arduino_RAM_reader.vhd Line: 9
Info (12021): Found 2 design units, including 1 entities, in source file imagecapture.vhd
    Info (12022): Found design unit 1: ImageCapture-Behavioral File: C:/Users/Mikkel/Documents/GitHub/GRONK2000/FPGAgatherer/ImageCapture.vhd Line: 32
    Info (12023): Found entity 1: ImageCapture File: C:/Users/Mikkel/Documents/GitHub/GRONK2000/FPGAgatherer/ImageCapture.vhd Line: 7
Info (12127): Elaborating entity "FPGA_LEDRAM" for the top level hierarchy
Info (12128): Elaborating entity "SevenSegDisplay" for hierarchy "SevenSegDisplay:Display" File: C:/Users/Mikkel/Documents/GitHub/GRONK2000/FPGAgatherer/FPGA_LEDRAM.vhd Line: 48
Info (12128): Elaborating entity "SevenSegDigit" for hierarchy "SevenSegDisplay:Display|SevenSegDigit:\genDigits:0:SevenSegDisplay" File: C:/Users/Mikkel/Documents/GitHub/GRONK2000/FPGAgatherer/SevenSegDisplay.vhd Line: 53
Info (278001): Inferred 11 megafunctions from design logic
    Info (278004): Inferred divider/modulo megafunction ("lpm_divide") from the following logic: "SevenSegDisplay:Display|Mod0" File: C:/Users/Mikkel/Documents/GitHub/GRONK2000/FPGAgatherer/SevenSegDisplay.vhd Line: 90
    Info (278004): Inferred divider/modulo megafunction ("lpm_divide") from the following logic: "SevenSegDisplay:Display|Mod1" File: C:/Users/Mikkel/Documents/GitHub/GRONK2000/FPGAgatherer/SevenSegDisplay.vhd Line: 90
    Info (278004): Inferred divider/modulo megafunction ("lpm_divide") from the following logic: "SevenSegDisplay:Display|Div0" File: c:/intelfpga_lite/18.1/quartus/libraries/vhdl/wysiwyg/twentynm_components.vhd Line: 4175
    Info (278004): Inferred divider/modulo megafunction ("lpm_divide") from the following logic: "SevenSegDisplay:Display|Mod2" File: C:/Users/Mikkel/Documents/GitHub/GRONK2000/FPGAgatherer/SevenSegDisplay.vhd Line: 90
    Info (278004): Inferred divider/modulo megafunction ("lpm_divide") from the following logic: "SevenSegDisplay:Display|Div1" File: c:/intelfpga_lite/18.1/quartus/libraries/vhdl/wysiwyg/twentynm_components.vhd Line: 4175
    Info (278004): Inferred divider/modulo megafunction ("lpm_divide") from the following logic: "SevenSegDisplay:Display|Mod3" File: C:/Users/Mikkel/Documents/GitHub/GRONK2000/FPGAgatherer/SevenSegDisplay.vhd Line: 90
    Info (278004): Inferred divider/modulo megafunction ("lpm_divide") from the following logic: "SevenSegDisplay:Display|Div2" File: c:/intelfpga_lite/18.1/quartus/libraries/vhdl/wysiwyg/twentynm_components.vhd Line: 4175
    Info (278004): Inferred divider/modulo megafunction ("lpm_divide") from the following logic: "SevenSegDisplay:Display|Mod4" File: C:/Users/Mikkel/Documents/GitHub/GRONK2000/FPGAgatherer/SevenSegDisplay.vhd Line: 90
    Info (278004): Inferred divider/modulo megafunction ("lpm_divide") from the following logic: "SevenSegDisplay:Display|Div3" File: c:/intelfpga_lite/18.1/quartus/libraries/vhdl/wysiwyg/twentynm_components.vhd Line: 4175
    Info (278004): Inferred divider/modulo megafunction ("lpm_divide") from the following logic: "SevenSegDisplay:Display|Mod5" File: C:/Users/Mikkel/Documents/GitHub/GRONK2000/FPGAgatherer/SevenSegDisplay.vhd Line: 90
    Info (278004): Inferred divider/modulo megafunction ("lpm_divide") from the following logic: "SevenSegDisplay:Display|Div4" File: c:/intelfpga_lite/18.1/quartus/libraries/vhdl/wysiwyg/twentynm_components.vhd Line: 4175
Info (12130): Elaborated megafunction instantiation "SevenSegDisplay:Display|lpm_divide:Mod0" File: C:/Users/Mikkel/Documents/GitHub/GRONK2000/FPGAgatherer/SevenSegDisplay.vhd Line: 90
Info (12133): Instantiated megafunction "SevenSegDisplay:Display|lpm_divide:Mod0" with the following parameter: File: C:/Users/Mikkel/Documents/GitHub/GRONK2000/FPGAgatherer/SevenSegDisplay.vhd Line: 90
    Info (12134): Parameter "LPM_WIDTHN" = "24"
    Info (12134): Parameter "LPM_WIDTHD" = "24"
    Info (12134): Parameter "LPM_NREPRESENTATION" = "UNSIGNED"
    Info (12134): Parameter "LPM_DREPRESENTATION" = "UNSIGNED"
Info (12021): Found 1 design units, including 1 entities, in source file db/lpm_divide_85m.tdf
    Info (12023): Found entity 1: lpm_divide_85m File: C:/Users/Mikkel/Documents/GitHub/GRONK2000/FPGAgatherer/db/lpm_divide_85m.tdf Line: 24
Info (12021): Found 1 design units, including 1 entities, in source file db/sign_div_unsign_bnh.tdf
    Info (12023): Found entity 1: sign_div_unsign_bnh File: C:/Users/Mikkel/Documents/GitHub/GRONK2000/FPGAgatherer/db/sign_div_unsign_bnh.tdf Line: 24
Info (12021): Found 1 design units, including 1 entities, in source file db/alt_u_div_s2f.tdf
    Info (12023): Found entity 1: alt_u_div_s2f File: C:/Users/Mikkel/Documents/GitHub/GRONK2000/FPGAgatherer/db/alt_u_div_s2f.tdf Line: 22
Info (12130): Elaborated megafunction instantiation "SevenSegDisplay:Display|lpm_divide:Mod1" File: C:/Users/Mikkel/Documents/GitHub/GRONK2000/FPGAgatherer/SevenSegDisplay.vhd Line: 90
Info (12133): Instantiated megafunction "SevenSegDisplay:Display|lpm_divide:Mod1" with the following parameter: File: C:/Users/Mikkel/Documents/GitHub/GRONK2000/FPGAgatherer/SevenSegDisplay.vhd Line: 90
    Info (12134): Parameter "LPM_WIDTHN" = "24"
    Info (12134): Parameter "LPM_WIDTHD" = "24"
    Info (12134): Parameter "LPM_NREPRESENTATION" = "UNSIGNED"
    Info (12134): Parameter "LPM_DREPRESENTATION" = "UNSIGNED"
Info (12130): Elaborated megafunction instantiation "SevenSegDisplay:Display|lpm_divide:Div0" File: c:/intelfpga_lite/18.1/quartus/libraries/vhdl/wysiwyg/twentynm_components.vhd Line: 4175
Info (12133): Instantiated megafunction "SevenSegDisplay:Display|lpm_divide:Div0" with the following parameter: File: c:/intelfpga_lite/18.1/quartus/libraries/vhdl/wysiwyg/twentynm_components.vhd Line: 4175
    Info (12134): Parameter "LPM_WIDTHN" = "24"
    Info (12134): Parameter "LPM_WIDTHD" = "4"
    Info (12134): Parameter "LPM_NREPRESENTATION" = "UNSIGNED"
    Info (12134): Parameter "LPM_DREPRESENTATION" = "UNSIGNED"
Info (12021): Found 1 design units, including 1 entities, in source file db/lpm_divide_jbm.tdf
    Info (12023): Found entity 1: lpm_divide_jbm File: C:/Users/Mikkel/Documents/GitHub/GRONK2000/FPGAgatherer/db/lpm_divide_jbm.tdf Line: 24
Info (12021): Found 1 design units, including 1 entities, in source file db/sign_div_unsign_plh.tdf
    Info (12023): Found entity 1: sign_div_unsign_plh File: C:/Users/Mikkel/Documents/GitHub/GRONK2000/FPGAgatherer/db/sign_div_unsign_plh.tdf Line: 24
Info (12021): Found 1 design units, including 1 entities, in source file db/alt_u_div_ove.tdf
    Info (12023): Found entity 1: alt_u_div_ove File: C:/Users/Mikkel/Documents/GitHub/GRONK2000/FPGAgatherer/db/alt_u_div_ove.tdf Line: 22
Info (12130): Elaborated megafunction instantiation "SevenSegDisplay:Display|lpm_divide:Mod2" File: C:/Users/Mikkel/Documents/GitHub/GRONK2000/FPGAgatherer/SevenSegDisplay.vhd Line: 90
Info (12133): Instantiated megafunction "SevenSegDisplay:Display|lpm_divide:Mod2" with the following parameter: File: C:/Users/Mikkel/Documents/GitHub/GRONK2000/FPGAgatherer/SevenSegDisplay.vhd Line: 90
    Info (12134): Parameter "LPM_WIDTHN" = "24"
    Info (12134): Parameter "LPM_WIDTHD" = "24"
    Info (12134): Parameter "LPM_NREPRESENTATION" = "UNSIGNED"
    Info (12134): Parameter "LPM_DREPRESENTATION" = "UNSIGNED"
Info (12130): Elaborated megafunction instantiation "SevenSegDisplay:Display|lpm_divide:Div1" File: c:/intelfpga_lite/18.1/quartus/libraries/vhdl/wysiwyg/twentynm_components.vhd Line: 4175
Info (12133): Instantiated megafunction "SevenSegDisplay:Display|lpm_divide:Div1" with the following parameter: File: c:/intelfpga_lite/18.1/quartus/libraries/vhdl/wysiwyg/twentynm_components.vhd Line: 4175
    Info (12134): Parameter "LPM_WIDTHN" = "24"
    Info (12134): Parameter "LPM_WIDTHD" = "7"
    Info (12134): Parameter "LPM_NREPRESENTATION" = "UNSIGNED"
    Info (12134): Parameter "LPM_DREPRESENTATION" = "UNSIGNED"
Info (12021): Found 1 design units, including 1 entities, in source file db/lpm_divide_mbm.tdf
    Info (12023): Found entity 1: lpm_divide_mbm File: C:/Users/Mikkel/Documents/GitHub/GRONK2000/FPGAgatherer/db/lpm_divide_mbm.tdf Line: 24
Info (12021): Found 1 design units, including 1 entities, in source file db/sign_div_unsign_slh.tdf
    Info (12023): Found entity 1: sign_div_unsign_slh File: C:/Users/Mikkel/Documents/GitHub/GRONK2000/FPGAgatherer/db/sign_div_unsign_slh.tdf Line: 24
Info (12021): Found 1 design units, including 1 entities, in source file db/alt_u_div_uve.tdf
    Info (12023): Found entity 1: alt_u_div_uve File: C:/Users/Mikkel/Documents/GitHub/GRONK2000/FPGAgatherer/db/alt_u_div_uve.tdf Line: 22
Info (12130): Elaborated megafunction instantiation "SevenSegDisplay:Display|lpm_divide:Mod3" File: C:/Users/Mikkel/Documents/GitHub/GRONK2000/FPGAgatherer/SevenSegDisplay.vhd Line: 90
Info (12133): Instantiated megafunction "SevenSegDisplay:Display|lpm_divide:Mod3" with the following parameter: File: C:/Users/Mikkel/Documents/GitHub/GRONK2000/FPGAgatherer/SevenSegDisplay.vhd Line: 90
    Info (12134): Parameter "LPM_WIDTHN" = "24"
    Info (12134): Parameter "LPM_WIDTHD" = "24"
    Info (12134): Parameter "LPM_NREPRESENTATION" = "UNSIGNED"
    Info (12134): Parameter "LPM_DREPRESENTATION" = "UNSIGNED"
Info (12130): Elaborated megafunction instantiation "SevenSegDisplay:Display|lpm_divide:Div2" File: c:/intelfpga_lite/18.1/quartus/libraries/vhdl/wysiwyg/twentynm_components.vhd Line: 4175
Info (12133): Instantiated megafunction "SevenSegDisplay:Display|lpm_divide:Div2" with the following parameter: File: c:/intelfpga_lite/18.1/quartus/libraries/vhdl/wysiwyg/twentynm_components.vhd Line: 4175
    Info (12134): Parameter "LPM_WIDTHN" = "24"
    Info (12134): Parameter "LPM_WIDTHD" = "10"
    Info (12134): Parameter "LPM_NREPRESENTATION" = "UNSIGNED"
    Info (12134): Parameter "LPM_DREPRESENTATION" = "UNSIGNED"
Info (12021): Found 1 design units, including 1 entities, in source file db/lpm_divide_0dm.tdf
    Info (12023): Found entity 1: lpm_divide_0dm File: C:/Users/Mikkel/Documents/GitHub/GRONK2000/FPGAgatherer/db/lpm_divide_0dm.tdf Line: 24
Info (12021): Found 1 design units, including 1 entities, in source file db/sign_div_unsign_6nh.tdf
    Info (12023): Found entity 1: sign_div_unsign_6nh File: C:/Users/Mikkel/Documents/GitHub/GRONK2000/FPGAgatherer/db/sign_div_unsign_6nh.tdf Line: 24
Info (12021): Found 1 design units, including 1 entities, in source file db/alt_u_div_i2f.tdf
    Info (12023): Found entity 1: alt_u_div_i2f File: C:/Users/Mikkel/Documents/GitHub/GRONK2000/FPGAgatherer/db/alt_u_div_i2f.tdf Line: 22
Info (12130): Elaborated megafunction instantiation "SevenSegDisplay:Display|lpm_divide:Mod4" File: C:/Users/Mikkel/Documents/GitHub/GRONK2000/FPGAgatherer/SevenSegDisplay.vhd Line: 90
Info (12133): Instantiated megafunction "SevenSegDisplay:Display|lpm_divide:Mod4" with the following parameter: File: C:/Users/Mikkel/Documents/GitHub/GRONK2000/FPGAgatherer/SevenSegDisplay.vhd Line: 90
    Info (12134): Parameter "LPM_WIDTHN" = "24"
    Info (12134): Parameter "LPM_WIDTHD" = "24"
    Info (12134): Parameter "LPM_NREPRESENTATION" = "UNSIGNED"
    Info (12134): Parameter "LPM_DREPRESENTATION" = "UNSIGNED"
Info (12130): Elaborated megafunction instantiation "SevenSegDisplay:Display|lpm_divide:Div3" File: c:/intelfpga_lite/18.1/quartus/libraries/vhdl/wysiwyg/twentynm_components.vhd Line: 4175
Info (12133): Instantiated megafunction "SevenSegDisplay:Display|lpm_divide:Div3" with the following parameter: File: c:/intelfpga_lite/18.1/quartus/libraries/vhdl/wysiwyg/twentynm_components.vhd Line: 4175
    Info (12134): Parameter "LPM_WIDTHN" = "24"
    Info (12134): Parameter "LPM_WIDTHD" = "14"
    Info (12134): Parameter "LPM_NREPRESENTATION" = "UNSIGNED"
    Info (12134): Parameter "LPM_DREPRESENTATION" = "UNSIGNED"
Info (12021): Found 1 design units, including 1 entities, in source file db/lpm_divide_4dm.tdf
    Info (12023): Found entity 1: lpm_divide_4dm File: C:/Users/Mikkel/Documents/GitHub/GRONK2000/FPGAgatherer/db/lpm_divide_4dm.tdf Line: 24
Info (12021): Found 1 design units, including 1 entities, in source file db/sign_div_unsign_anh.tdf
    Info (12023): Found entity 1: sign_div_unsign_anh File: C:/Users/Mikkel/Documents/GitHub/GRONK2000/FPGAgatherer/db/sign_div_unsign_anh.tdf Line: 24
Info (12021): Found 1 design units, including 1 entities, in source file db/alt_u_div_q2f.tdf
    Info (12023): Found entity 1: alt_u_div_q2f File: C:/Users/Mikkel/Documents/GitHub/GRONK2000/FPGAgatherer/db/alt_u_div_q2f.tdf Line: 22
Info (12130): Elaborated megafunction instantiation "SevenSegDisplay:Display|lpm_divide:Mod5" File: C:/Users/Mikkel/Documents/GitHub/GRONK2000/FPGAgatherer/SevenSegDisplay.vhd Line: 90
Info (12133): Instantiated megafunction "SevenSegDisplay:Display|lpm_divide:Mod5" with the following parameter: File: C:/Users/Mikkel/Documents/GitHub/GRONK2000/FPGAgatherer/SevenSegDisplay.vhd Line: 90
    Info (12134): Parameter "LPM_WIDTHN" = "24"
    Info (12134): Parameter "LPM_WIDTHD" = "24"
    Info (12134): Parameter "LPM_NREPRESENTATION" = "UNSIGNED"
    Info (12134): Parameter "LPM_DREPRESENTATION" = "UNSIGNED"
Info (12130): Elaborated megafunction instantiation "SevenSegDisplay:Display|lpm_divide:Div4" File: c:/intelfpga_lite/18.1/quartus/libraries/vhdl/wysiwyg/twentynm_components.vhd Line: 4175
Info (12133): Instantiated megafunction "SevenSegDisplay:Display|lpm_divide:Div4" with the following parameter: File: c:/intelfpga_lite/18.1/quartus/libraries/vhdl/wysiwyg/twentynm_components.vhd Line: 4175
    Info (12134): Parameter "LPM_WIDTHN" = "24"
    Info (12134): Parameter "LPM_WIDTHD" = "17"
    Info (12134): Parameter "LPM_NREPRESENTATION" = "UNSIGNED"
    Info (12134): Parameter "LPM_DREPRESENTATION" = "UNSIGNED"
Info (12021): Found 1 design units, including 1 entities, in source file db/lpm_divide_7dm.tdf
    Info (12023): Found entity 1: lpm_divide_7dm File: C:/Users/Mikkel/Documents/GitHub/GRONK2000/FPGAgatherer/db/lpm_divide_7dm.tdf Line: 24
Info (12021): Found 1 design units, including 1 entities, in source file db/sign_div_unsign_dnh.tdf
    Info (12023): Found entity 1: sign_div_unsign_dnh File: C:/Users/Mikkel/Documents/GitHub/GRONK2000/FPGAgatherer/db/sign_div_unsign_dnh.tdf Line: 24
Info (12021): Found 1 design units, including 1 entities, in source file db/alt_u_div_03f.tdf
    Info (12023): Found entity 1: alt_u_div_03f File: C:/Users/Mikkel/Documents/GitHub/GRONK2000/FPGAgatherer/db/alt_u_div_03f.tdf Line: 22
Warning (13039): The following bidirectional pins have no drivers
    Warning (13040): bidirectional pin "RAMdata[0]" has no driver File: C:/Users/Mikkel/Documents/GitHub/GRONK2000/FPGAgatherer/FPGA_LEDRAM.vhd Line: 12
    Warning (13040): bidirectional pin "RAMdata[1]" has no driver File: C:/Users/Mikkel/Documents/GitHub/GRONK2000/FPGAgatherer/FPGA_LEDRAM.vhd Line: 12
    Warning (13040): bidirectional pin "RAMdata[2]" has no driver File: C:/Users/Mikkel/Documents/GitHub/GRONK2000/FPGAgatherer/FPGA_LEDRAM.vhd Line: 12
    Warning (13040): bidirectional pin "RAMdata[3]" has no driver File: C:/Users/Mikkel/Documents/GitHub/GRONK2000/FPGAgatherer/FPGA_LEDRAM.vhd Line: 12
    Warning (13040): bidirectional pin "RAMdata[4]" has no driver File: C:/Users/Mikkel/Documents/GitHub/GRONK2000/FPGAgatherer/FPGA_LEDRAM.vhd Line: 12
    Warning (13040): bidirectional pin "RAMdata[5]" has no driver File: C:/Users/Mikkel/Documents/GitHub/GRONK2000/FPGAgatherer/FPGA_LEDRAM.vhd Line: 12
    Warning (13040): bidirectional pin "RAMdata[6]" has no driver File: C:/Users/Mikkel/Documents/GitHub/GRONK2000/FPGAgatherer/FPGA_LEDRAM.vhd Line: 12
    Warning (13040): bidirectional pin "RAMdata[7]" has no driver File: C:/Users/Mikkel/Documents/GitHub/GRONK2000/FPGAgatherer/FPGA_LEDRAM.vhd Line: 12
Info (286030): Timing-Driven Synthesis is running
Warning (14632): Output pin "LEDs[0]" driven by bidirectional pin "RAMdata[0]" cannot be tri-stated File: C:/Users/Mikkel/Documents/GitHub/GRONK2000/FPGAgatherer/FPGA_LEDRAM.vhd Line: 15
Warning (14632): Output pin "LEDs[1]" driven by bidirectional pin "RAMdata[1]" cannot be tri-stated File: C:/Users/Mikkel/Documents/GitHub/GRONK2000/FPGAgatherer/FPGA_LEDRAM.vhd Line: 15
Warning (14632): Output pin "LEDs[2]" driven by bidirectional pin "RAMdata[2]" cannot be tri-stated File: C:/Users/Mikkel/Documents/GitHub/GRONK2000/FPGAgatherer/FPGA_LEDRAM.vhd Line: 15
Warning (14632): Output pin "LEDs[3]" driven by bidirectional pin "RAMdata[3]" cannot be tri-stated File: C:/Users/Mikkel/Documents/GitHub/GRONK2000/FPGAgatherer/FPGA_LEDRAM.vhd Line: 15
Warning (14632): Output pin "LEDs[4]" driven by bidirectional pin "RAMdata[4]" cannot be tri-stated File: C:/Users/Mikkel/Documents/GitHub/GRONK2000/FPGAgatherer/FPGA_LEDRAM.vhd Line: 15
Warning (14632): Output pin "LEDs[5]" driven by bidirectional pin "RAMdata[5]" cannot be tri-stated File: C:/Users/Mikkel/Documents/GitHub/GRONK2000/FPGAgatherer/FPGA_LEDRAM.vhd Line: 15
Warning (14632): Output pin "LEDs[6]" driven by bidirectional pin "RAMdata[6]" cannot be tri-stated File: C:/Users/Mikkel/Documents/GitHub/GRONK2000/FPGAgatherer/FPGA_LEDRAM.vhd Line: 15
Warning (14632): Output pin "LEDs[7]" driven by bidirectional pin "RAMdata[7]" cannot be tri-stated File: C:/Users/Mikkel/Documents/GitHub/GRONK2000/FPGAgatherer/FPGA_LEDRAM.vhd Line: 15
Info (17049): 8 registers lost all their fanouts during netlist optimizations.
Info (16010): Generating hard_block partition "hard_block:auto_generated_inst"
    Info (16011): Adding 0 node(s), including 0 DDIO, 0 PLL, 0 transceiver and 0 LCELL
Info (21057): Implemented 5181 device resources after synthesis - the final resource count might be different
    Info (21058): Implemented 4 input pins
    Info (21059): Implemented 72 output pins
    Info (21060): Implemented 8 bidirectional pins
    Info (21061): Implemented 5097 logic cells
Info: Quartus Prime Analysis & Synthesis was successful. 0 errors, 17 warnings
    Info: Peak virtual memory: 4971 megabytes
    Info: Processing ended: Thu May 06 11:08:00 2021
    Info: Elapsed time: 00:00:21
    Info: Total CPU time (on all processors): 00:00:29


