08:51:25 **** Incremental Build of configuration Debug for project CanReceiver ****
make -j8 all 
arm-none-eabi-gcc "../Core/Src/main.c" -mcpu=cortex-m4 -std=gnu11 -g3 -DDEBUG -DUSE_HAL_DRIVER -DSTM32L432xx -c -I../Core/Inc -I../Drivers/STM32L4xx_HAL_Driver/Inc -I../Drivers/STM32L4xx_HAL_Driver/Inc/Legacy -I../Drivers/CMSIS/Device/ST/STM32L4xx/Include -I../Drivers/CMSIS/Include -O0 -ffunction-sections -fdata-sections -Wall -fstack-usage -MMD -MP -MF"Core/Src/main.d" -MT"Core/Src/main.o" --specs=nano.specs -mfpu=fpv4-sp-d16 -mfloat-abi=hard -mthumb -o "Core/Src/main.o"
arm-none-eabi-gcc "../Core/Src/stm32l4xx_it.c" -mcpu=cortex-m4 -std=gnu11 -g3 -DDEBUG -DUSE_HAL_DRIVER -DSTM32L432xx -c -I../Core/Inc -I../Drivers/STM32L4xx_HAL_Driver/Inc -I../Drivers/STM32L4xx_HAL_Driver/Inc/Legacy -I../Drivers/CMSIS/Device/ST/STM32L4xx/Include -I../Drivers/CMSIS/Include -O0 -ffunction-sections -fdata-sections -Wall -fstack-usage -MMD -MP -MF"Core/Src/stm32l4xx_it.d" -MT"Core/Src/stm32l4xx_it.o" --specs=nano.specs -mfpu=fpv4-sp-d16 -mfloat-abi=hard -mthumb -o "Core/Src/stm32l4xx_it.o"
../Core/Src/main.c: In function 'main':
../Core/Src/main.c:108:4: warning: implicit declaration of function 'receiveImageData' [-Wimplicit-function-declaration]
  108 |    receiveImageData();
      |    ^~~~~~~~~~~~~~~~
../Core/Src/main.c: At top level:
../Core/Src/main.c:290:6: warning: conflicting types for 'receiveImageData'
  290 | void receiveImageData() {
      |      ^~~~~~~~~~~~~~~~
../Core/Src/main.c:108:4: note: previous implicit declaration of 'receiveImageData' was here
  108 |    receiveImageData();
      |    ^~~~~~~~~~~~~~~~
arm-none-eabi-gcc -o "CanReceiver.elf" @"objects.list"   -mcpu=cortex-m4 -T"C:\Users\joach\OneDrive\Dokumenter\Github\GRONK2000\STM32CanReceiver\STM32L432KCUX_FLASH.ld" --specs=nosys.specs -Wl,-Map="CanReceiver.map" -Wl,--gc-sections -static --specs=nano.specs -mfpu=fpv4-sp-d16 -mfloat-abi=hard -mthumb -Wl,--start-group -lc -lm -Wl,--end-group
Finished building target: CanReceiver.elf
 
arm-none-eabi-objdump -h -S  CanReceiver.elf  > "CanReceiver.list"
arm-none-eabi-objcopy  -O binary  CanReceiver.elf  "CanReceiver.bin"
arm-none-eabi-size   CanReceiver.elf 
   text	   data	    bss	    dec	    hex	filename
  14172	     20	   1844	  16036	   3ea4	CanReceiver.elf
Finished building: default.size.stdout
 
Finished building: CanReceiver.bin
 
Finished building: CanReceiver.list
 

08:51:26 Build Finished. 0 errors, 2 warnings. (took 920ms)

